Software Version: 12.600.0.14
Opened 'C:\Users\Files\MBSAT\working\IrisSat-Flight-Software\iris-fsw-libero\designer\MSS_C0\MSS_C0_fp\MSS_C0.pro'
The 'open_project' command succeeded.
PDB file 'C:\Users\Files\MBSAT\working\IrisSat-Flight-Software\iris-fsw-libero\designer\MSS_C0\MSS_C0.pdb' has been loaded successfully.
DESIGN : MSS_C0;  CHECKSUM : 0000;  PDB_VERSION : 1.9
Load Programming Data(s) Finished : Mon May 11 15:36:10 2020 (Elapsed time 00:00:01)
The 'load_programming_data' command succeeded.
File/Folder 'C:\Users\Files\MBSAT\working\IrisSat-Flight-Software\iris-fsw-libero\designer\MSS_C0\MSS_C0.ppd' will be overwritten.
Successfully exported PPD file for currently secured device: 'C:\Users\Files\MBSAT\working\IrisSat-Flight-Software\iris-fsw-libero\designer\MSS_C0\MSS_C0.ppd'; file programs Fabric and eNVM.
Fabric component bitstream digest: 0224b576d0703d2f8a7ce2528a3d91ce3922b0fcca7cd540842d975f88faad79
eNVM component bitstream digest: e9a20d7dab147a6febd9fcb1a257490350ca0c782041e74c98de80bd5165217a
Finished: Mon May 11 15:36:16 2020 (Elapsed time 00:00:06)

The 'export_single_ppd' command succeeded.
The 'set_programming_file' command succeeded.
Project saved.
The 'save_project' command succeeded.
Project closed.
Exported log file C:\Users\Files\MBSAT\working\IrisSat-Flight-Software\iris-fsw-libero\designer\MSS_C0\MSS_C0_fp\MSS_C0.log.
The 'close_project' command succeeded.
The Execute Script command succeeded.
