
Starting:    C:\Microsemi\Libero_SoC_v12.1\SynplifyPro\bin64\mbin\synbatch.exe
Install:     C:\Microsemi\Libero_SoC_v12.1\SynplifyPro
Hostname:    DESKTOP-3FOEPN2
Date:        Tue May  5 17:52:13 2020
Version:     N-2018.03M-SP1-1

Arguments:   -product synplify_pro -licensetype synplifypro_actel -batch -log synplify.log MSS_C0_syn.tcl
ProductType: synplify_pro

License checkout: synplifypro_actel
License: synplifypro_actel node-locked 
Licensed Vendor: actel
License Option: actel_oem

Running in Vendor Mode

auto_infer_blackbox is not supported in current product.
log file: "C:\Users\Files\MBSAT\working\IrisSat-Flight-Software\iris-fsw-libero\synthesis\MSS_C0.srr"
Running: synthesis in foreground

Running MSS_C0_syn|synthesis

Running Flow: compile (Compile) on MSS_C0_syn|synthesis
# Tue May  5 17:52:13 2020

Running Flow: compile_flow (Compile Process) on MSS_C0_syn|synthesis
# Tue May  5 17:52:13 2020

Running: compiler (Compile Input) on MSS_C0_syn|synthesis
# Tue May  5 17:52:13 2020
Copied C:\Users\Files\MBSAT\working\IrisSat-Flight-Software\iris-fsw-libero\synthesis\synwork\MSS_C0_comp.srs to C:\Users\Files\MBSAT\working\IrisSat-Flight-Software\iris-fsw-libero\synthesis\MSS_C0.srs

compiler completed
# Tue May  5 17:52:17 2020

Return Code: 0
Run Time:00h:00m:04s

Running: multi_srs_gen (Multi-srs Generator) on MSS_C0_syn|synthesis
# Tue May  5 17:52:17 2020

multi_srs_gen completed
# Tue May  5 17:52:17 2020

Return Code: 0
Run Time:00h:00m:00s
Copied C:\Users\Files\MBSAT\working\IrisSat-Flight-Software\iris-fsw-libero\synthesis\synwork\MSS_C0_mult.srs to C:\Users\Files\MBSAT\working\IrisSat-Flight-Software\iris-fsw-libero\synthesis\MSS_C0.srs
Complete: Compile Process on MSS_C0_syn|synthesis

Running: premap (Premap) on MSS_C0_syn|synthesis
# Tue May  5 17:52:17 2020

premap completed with warnings
# Tue May  5 17:52:18 2020

Return Code: 1
Run Time:00h:00m:01s
Complete: Compile on MSS_C0_syn|synthesis

Running Flow: map (Map) on MSS_C0_syn|synthesis
# Tue May  5 17:52:18 2020
License granted for 4 parallel jobs

Running: fpga_mapper (Map & Optimize) on MSS_C0_syn|synthesis
# Tue May  5 17:52:18 2020
Copied C:\Users\Files\MBSAT\working\IrisSat-Flight-Software\iris-fsw-libero\synthesis\synwork\MSS_C0_m.srm to C:\Users\Files\MBSAT\working\IrisSat-Flight-Software\iris-fsw-libero\synthesis\MSS_C0.srm

fpga_mapper completed with warnings
# Tue May  5 17:52:22 2020

Return Code: 1
Run Time:00h:00m:04s
Complete: Map on MSS_C0_syn|synthesis
Complete: Logic Synthesis on MSS_C0_syn|synthesis
TCL script complete: "MSS_C0_syn.tcl"
exit status=0
exit status=0
License checkin: synplifypro_actel
