Resource Report
Microsemi Corporation - Microsemi Libero Software Release v12.1 (Version 12.600.0.14)
Date: Mon Mar 30 00:07:10 2020

Device Selection
+--------------------------------+----------------+
| Family                         | SmartFusion2   |
| Device                         | M2S010         |
| Package                        | 144 TQ         |
| Speed Grade                    | STD            |
| Temp                           | 0:25:85        |
| Voltage                        | 1.26:1.20:1.14 |
| Core Voltage                   | 1.2V           |
| Ramp Rate                      | 100ms Minimum  |
| System Controller Suspend Mode | No             |
| PLL Supply Voltage             | 2.5V           |
| Default I/O technology         | LVCMOS 2.5V    |
| Restrict Probe Pins            | Yes            |
| Restrict SPI Pins              | No             |
+--------------------------------+----------------+

Source Files
+---------+-----------------------------------------------------------------------------------------------------------+
| Topcell | cdh_tsat5_system_sb                                                                                       |
| Format  | EDIF                                                                                                      |
| Source  | C:\Users\Files\MBSAT\Test4\ManitobaSat-Flight-Software\mbsat-fsw-libero\synthesis\cdh_tsat5_system_sb.edn |
+---------+-----------------------------------------------------------------------------------------------------------+

Options
+----------------------------------------------------+-------+
| Enable Single Event Transient mitigation           | false |
| Enable Design Separation Methodology               | false |
| Limit the number of high fanout nets to display to | 10    |
+----------------------------------------------------+-------+

Resource Usage
+---------------------------+------+-------+------------+
| Type                      | Used | Total | Percentage |
+---------------------------+------+-------+------------+
| 4LUT                      | 899  | 12084 | 7.44       |
| DFF                       | 581  | 12084 | 4.81       |
| I/O Register              | 0    | 252   | 0.00       |
| User I/O                  | 45   | 84    | 53.57      |
| -- Single-ended I/O       | 45   | 84    | 53.57      |
| -- Differential I/O Pairs | 0    | 37    | 0.00       |
| RAM64x18                  | 4    | 22    | 18.18      |
| RAM1K18                   | 0    | 21    | 0.00       |
| MACC                      | 0    | 22    | 0.00       |
| Chip Globals              | 4    | 8     | 50.00      |
| CCC                       | 1    | 2     | 50.00      |
| RCOSC_25_50MHZ            | 1    | 1     | 100.00     |
| RCOSC_1MHZ                | 0    | 1     | 0.00       |
| XTLOSC                    | 0    | 1     | 0.00       |
| MSS                       | 1    | 1     | 100.00     |
+---------------------------+------+-------+------------+

Detailed Logic Resource Usage
+--------------------------+------+-----+
| Type                     | 4LUT | DFF |
+--------------------------+------+-----+
| Fabric Logic             | 755  | 437 |
| RAM64x18 Interface Logic | 144  | 144 |
| RAM1K18 Interface Logic  | 0    | 0   |
| MACC Interface Logic     | 0    | 0   |
| Total Used               | 899  | 581 |
+--------------------------+------+-----+

MSS Resource Usage
+---------------+------+-------+
| Type          | Used | Total |
+---------------+------+-------+
| Cortex-M3*    | 1    | 1     |
| eNVM (256KB)* | 1    | 1     |
| eSRAM*        | 2    | 2     |
| TIMER*        | 2    | 2     |
| CAN           | 1    | 1     |
| SPI           | 0    | 2     |
| I2C           | 0    | 2     |
| UART          | 1    | 2     |
| USB           | 0    | 1     |
| MAC           | 0    | 1     |
| MDDR          | 0    | 1     |
| HPDMA         | 1    | 1     |
| PDMA          | 1    | 1     |
+---------------+------+-------+

* These resources are always marked as used when you are using the MSS

Detailed Carry Chains Resource Usage
+--------+------+
| Length | Used |
| 2      | 8    |
| 5      | 2    |
| 6      | 4    |
| 9      | 2    |
| Total  | 16   |
+--------+------+

I/O Function
+-------------------------------+--------------+-------------+-----------------+
| Type                          | w/o register | w/ register | w/ DDR register |
+-------------------------------+--------------+-------------+-----------------+
| Input I/O                     | 6            | 0           | 0               |
| Output I/O                    | 39           | 0           | 0               |
| Bidirectional I/O             | 0            | 0           | 0               |
| Differential Input I/O Pairs  | 0            | 0           | 0               |
| Differential Output I/O Pairs | 0            | 0           | 0               |
+-------------------------------+--------------+-------------+-----------------+

I/O Technology
+--------------+--------+------+-------+--------+---------------+
| I/O Standard | Vddi   | Vref | Input | Output | Bidirectional |
+--------------+--------+------+-------+--------+---------------+
| LVCMOS25     |  2.50v |  N/A |  6    |  39    |  0            |
+--------------+--------+------+-------+--------+---------------+

I/O Placement
+----------+-------+------------+
| Type     | Count | Percentage |
+----------+-------+------------+
| Locked   |  0    | 0.00%      |
| Placed   |  0    | 0.00%      |
| UnPlaced |  45   | 100.00%    |
+----------+-------+------------+

Nets assigned to chip global resources
+--------+---------+-----------------------------------------------------------+
| Fanout | Type    | Name                                                      |
+--------+---------+-----------------------------------------------------------+
| 440    | INT_NET | Net   : FAB_CCC_GL0_c                                     |
|        |         | Driver: CCC_0/GL0_INST/U0_RGB1                            |
|        |         | Source: NETLIST                                           |
| 403    | INT_NET | Net   : MSS_READY_c                                       |
|        |         | Driver: CORERESETP_0/MSS_HPMS_READY_int_RNI1SB7/U0_RGB1   |
|        |         | Source: NETLIST                                           |
| 12     | INT_NET | Net   : CORERESETP_0/sm0_areset_n_clk_base                |
|        |         | Driver: CORERESETP_0/sm0_areset_n_clk_base_RNICF6/U0_RGB1 |
|        |         | Source: NETLIST                                           |
| 3      | INT_NET | Net   : FABOSC_0_RCOSC_25_50MHZ_O2F                       |
|        |         | Driver: FABOSC_0/I_RCOSC_25_50MHZ_FAB_CLKINT/U0_RGB1      |
|        |         | Source: NETLIST                                           |
+--------+---------+-----------------------------------------------------------+

Nets assigned to row global resources
+--------+------+------+
| Fanout | Type | Name |
+--------+------+------+
+--------+------+------+

High fanout nets
+--------+---------+-----------------------------------------------------------+
| Fanout | Type    | Name                                                      |
+--------+---------+-----------------------------------------------------------+
| 63     | INT_NET | Net   : CoreAPB3_0_APBmslave0_PADDR[4]                    |
|        |         | Driver: cdh_tsat5_system_sb_MSS_0/MSS_ADLIB_INST          |
| 34     | INT_NET | Net   : CoreAPB3_0_APBmslave0_PADDR[2]                    |
|        |         | Driver: cdh_tsat5_system_sb_MSS_0/MSS_ADLIB_INST          |
| 34     | INT_NET | Net   : CoreAPB3_0_APBmslave0_PADDR[3]                    |
|        |         | Driver: cdh_tsat5_system_sb_MSS_0/MSS_ADLIB_INST          |
| 33     | INT_NET | Net   : CoreAPB3_0_APBmslave0_PADDR[5]                    |
|        |         | Driver: cdh_tsat5_system_sb_MSS_0/MSS_ADLIB_INST          |
| 30     | INT_NET | Net   : CoreAPB3_0_APBmslave0_PADDR[6]                    |
|        |         | Driver: cdh_tsat5_system_sb_MSS_0/MSS_ADLIB_INST          |
| 26     | INT_NET | Net   : CoreAPB3_0_APBmslave1_PSELx                       |
|        |         | Driver: cdh_tsat5_system_sb_MSS_0/MSS_ADLIB_INST_RNILO0A1 |
| 25     | INT_NET | Net   : CORESPI_0_0/USPI/SPIMODE                          |
|        |         | Driver: CORESPI_0_0/USPI/URF/control1[1]                  |
| 23     | INT_NET | Net   : CORESPI1_1_0/CORESPI1_1_0/USPI/SPIMODE            |
|        |         | Driver: CORESPI1_1_0/CORESPI1_1_0/USPI/URF/control1[1]    |
| 21     | INT_NET | Net   : CORESPI_0_0/USPI/UCC/spi_clk_tick                 |
|        |         | Driver: CORESPI_0_0/USPI/UCC/spi_clk_tick                 |
| 20     | INT_NET | Net   : CORESPI_0_0/USPI/UCC/un1_cfg_enable_i             |
|        |         | Driver: CORESPI_0_0/USPI/UCC/un1_cfg_enable               |
+--------+---------+-----------------------------------------------------------+

High fanout nets (through buffer trees)
+--------+---------+-----------------------------------------------------------+
| Fanout | Type    | Name                                                      |
+--------+---------+-----------------------------------------------------------+
| 63     | INT_NET | Net   : CoreAPB3_0_APBmslave0_PADDR[4]                    |
|        |         | Driver: cdh_tsat5_system_sb_MSS_0/MSS_ADLIB_INST          |
| 34     | INT_NET | Net   : CoreAPB3_0_APBmslave0_PADDR[2]                    |
|        |         | Driver: cdh_tsat5_system_sb_MSS_0/MSS_ADLIB_INST          |
| 34     | INT_NET | Net   : CoreAPB3_0_APBmslave0_PADDR[3]                    |
|        |         | Driver: cdh_tsat5_system_sb_MSS_0/MSS_ADLIB_INST          |
| 33     | INT_NET | Net   : CoreAPB3_0_APBmslave0_PADDR[5]                    |
|        |         | Driver: cdh_tsat5_system_sb_MSS_0/MSS_ADLIB_INST          |
| 30     | INT_NET | Net   : CoreAPB3_0_APBmslave0_PADDR[6]                    |
|        |         | Driver: cdh_tsat5_system_sb_MSS_0/MSS_ADLIB_INST          |
| 26     | INT_NET | Net   : CoreAPB3_0_APBmslave1_PSELx                       |
|        |         | Driver: cdh_tsat5_system_sb_MSS_0/MSS_ADLIB_INST_RNILO0A1 |
| 25     | INT_NET | Net   : CORESPI_0_0/USPI/SPIMODE                          |
|        |         | Driver: CORESPI_0_0/USPI/URF/control1[1]                  |
| 23     | INT_NET | Net   : CORESPI1_1_0/CORESPI1_1_0/USPI/SPIMODE            |
|        |         | Driver: CORESPI1_1_0/CORESPI1_1_0/USPI/URF/control1[1]    |
| 21     | INT_NET | Net   : CORESPI_0_0/USPI/UCC/spi_clk_tick                 |
|        |         | Driver: CORESPI_0_0/USPI/UCC/spi_clk_tick                 |
| 20     | INT_NET | Net   : CORESPI_0_0/USPI/UCC/un1_cfg_enable_i             |
|        |         | Driver: CORESPI_0_0/USPI/UCC/un1_cfg_enable               |
+--------+---------+-----------------------------------------------------------+

