Resource Usage Report for MSS_C0 

Mapping to part: m2s010tq144std
Cell usage:
CCC             1 use
CLKINT          2 uses
MSS_010         1 use
OR3             2 uses
RCOSC_25_50MHZ  1 use
SYSRESET        1 use
CFG1           8 uses
CFG2           138 uses
CFG3           189 uses
CFG4           326 uses

Carry cells:
ARI1            42 uses - used for arithmetic functions
ARI1            24 uses - used for Wide-Mux implementation
Total ARI1      66 uses


Sequential Cells: 
SLE            415 uses

DSP Blocks:    0 of 22 (0%)

I/O ports: 25
I/O primitives: 24
BIBUF          2 uses
INBUF          5 uses
OUTBUF         16 uses
TRIBUFF        1 use


Global Clock Buffers: 2

Total LUTs:    727

Extra resources required for RAM and MACC interface logic during P&R:

RAM64x18 Interface Logic : SLEs = 144; LUTs = 144;
RAM1K18  Interface Logic : SLEs = 0; LUTs = 0;
MACC     Interface Logic : SLEs = 0; LUTs = 0;

Total number of SLEs after P&R:  415 + 144 + 0 + 0 = 559;
Total number of LUTs after P&R:  727 + 144 + 0 + 0 = 871;

