
Copyright (C) 1994-2018 Synopsys, Inc.
This Synopsys software and all associated documentation are proprietary to Synopsys, Inc.
and may only be used pursuant to the terms and conditions of a written license agreement
with Synopsys, Inc. All other use, reproduction, modification, or distribution of the
Synopsys software or the associated documentation is strictly prohibited.
Tool: Synplify Pro (R)
Build: N-2018.03M-SP1-1
Install: C:\Microsemi\Libero_SoC_v12.1\SynplifyPro
OS: Windows 6.2

Hostname: DESKTOP-3FOEPN2

Implementation : synthesis

# Written on Mon Mar 30 00:07:02 2020

##### DESIGN INFO #######################################################

Top View:                "cdh_tsat5_system_sb"
Constraint File(s):      "C:\Users\Files\MBSAT\Test4\ManitobaSat-Flight-Software\mbsat-fsw-libero\designer\cdh_tsat5_system_sb\synthesis.fdc"




##### SUMMARY ############################################################

Found 0 issues in 0 out of 0 constraints


##### DETAILS ############################################################



Clock Relationships
*******************

Starting                                                               Ending                                                                 |     rise to rise     |     fall to fall     |     rise to fall     |     fall to rise                     
---------------------------------------------------------------------------------------------------------------------------------------------------------------------------------------------------------------------------------------------------------
cdh_tsat5_system_sb_CCC_0_FCCC|GL0_net_inferred_clock                  cdh_tsat5_system_sb_CCC_0_FCCC|GL0_net_inferred_clock                  |     10.000           |     No paths         |     No paths         |     No paths                         
cdh_tsat5_system_sb_CCC_0_FCCC|GL0_net_inferred_clock                  cdh_tsat5_system_sb_FABOSC_0_OSC|RCOSC_25_50MHZ_CCC_inferred_clock     |     Diff grp         |     No paths         |     No paths         |     No paths                         
cdh_tsat5_system_sb_FABOSC_0_OSC|RCOSC_25_50MHZ_CCC_inferred_clock     cdh_tsat5_system_sb_CCC_0_FCCC|GL0_net_inferred_clock                  |     Diff grp         |     No paths         |     No paths         |     No paths                         
cdh_tsat5_system_sb_FABOSC_0_OSC|RCOSC_25_50MHZ_CCC_inferred_clock     cdh_tsat5_system_sb_FABOSC_0_OSC|RCOSC_25_50MHZ_CCC_inferred_clock     |     10.000           |     No paths         |     No paths         |     No paths                         
=========================================================================================================================================================================================================================================================
 Note: 'No paths' indicates there are no paths in the design for that pair of clock edges.
       'Diff grp' indicates that paths exist but the starting clock and ending clock are in different clock groups.


Unconstrained Start/End Points
******************************

p:CAN_RX_F2M
p:CAN_TX_EN_N_M2F
p:CAN_TX_M2F
p:DEVRST_N
p:FAB_CCC_LOCK
p:FAB_RESET_N
p:GPIO_0_M2F
p:GPIO_1_M2F
p:GPIO_3_M2F
p:GPIO_5_M2F
p:GPIO_7_M2F
p:GPIO_8_M2F
p:GPIO_9_M2F
p:GPIO_10_M2F
p:GPIO_11_M2F
p:GPIO_12_M2F
p:GPIO_Input
p:INIT_DONE
p:MMUART_0_RXD_F2M
p:MMUART_0_TXD_M2F
p:MSS_READY
p:POWER_ON_RESET_N
p:SPISCLKO
p:SPISDI
p:SPISDO
p:SPISS[0]
p:SPISS[1]
p:SPISS[2]
p:SPISS[3]
p:SPISS[4]
p:SPISS[5]
p:SPISS[6]
p:SPISS[7]
p:enable_master
p:m_miso
p:m_mosi
p:m_sck
p:m_ss[0]
p:m_ss[1]
p:m_ss[2]
p:m_ss[3]
p:m_ss[4]
p:m_ss[5]
p:m_ss[6]
p:m_ss[7]


Inapplicable constraints
************************

(none)


Applicable constraints with issues
**********************************

(none)


Constraints with matching wildcard expressions
**********************************************

(none)


Library Report
**************


# End of Constraint Checker Report
