
Copyright (C) 1994-2018 Synopsys, Inc.
This Synopsys software and all associated documentation are proprietary to Synopsys, Inc.
and may only be used pursuant to the terms and conditions of a written license agreement
with Synopsys, Inc. All other use, reproduction, modification, or distribution of the
Synopsys software or the associated documentation is strictly prohibited.
Tool: Synplify Pro (R)
Build: N-2018.03M-SP1-1
Install: C:\Microsemi\Libero_SoC_v12.1\SynplifyPro
OS: Windows 6.2

Hostname: DESKTOP-3FOEPN2

Implementation : synthesis

# Written on Tue May  5 17:52:18 2020

##### DESIGN INFO #######################################################

Top View:                "MSS_C0"
Constraint File(s):      "C:\Users\Files\MBSAT\working\ManitobaSat-Flight-Software\mbsat-fsw-libero\designer\MSS_C0\synthesis.fdc"




##### SUMMARY ############################################################

Found 0 issues in 0 out of 0 constraints


##### DETAILS ############################################################



Clock Relationships
*******************

Starting                                                  Ending                                                    |     rise to rise     |     fall to fall     |     rise to fall     |     fall to rise                     
-------------------------------------------------------------------------------------------------------------------------------------------------------------------------------------------------------------------------------
FCCC_C0_FCCC_C0_0_FCCC|GL0_net_inferred_clock             FCCC_C0_FCCC_C0_0_FCCC|GL0_net_inferred_clock             |     10.000           |     No paths         |     No paths         |     No paths                         
FCCC_C0_FCCC_C0_0_FCCC|GL0_net_inferred_clock             OSC_C0_OSC_C0_0_OSC|RCOSC_25_50MHZ_CCC_inferred_clock     |     Diff grp         |     No paths         |     No paths         |     No paths                         
OSC_C0_OSC_C0_0_OSC|RCOSC_25_50MHZ_CCC_inferred_clock     FCCC_C0_FCCC_C0_0_FCCC|GL0_net_inferred_clock             |     Diff grp         |     No paths         |     No paths         |     No paths                         
OSC_C0_OSC_C0_0_OSC|RCOSC_25_50MHZ_CCC_inferred_clock     OSC_C0_OSC_C0_0_OSC|RCOSC_25_50MHZ_CCC_inferred_clock     |     10.000           |     No paths         |     No paths         |     No paths                         
===============================================================================================================================================================================================================================
 Note: 'No paths' indicates there are no paths in the design for that pair of clock edges.
       'Diff grp' indicates that paths exist but the starting clock and ending clock are in different clock groups.


Unconstrained Start/End Points
******************************

p:CAN_RX_F2M
p:CAN_TX_M2F
p:DEVRST_N
p:GPIO_0_M2F
p:GPIO_1_M2F
p:GPIO_3_M2F
p:GPIO_5_M2F
p:GPIO_6_M2F
p:GPIO_7_M2F
p:GPIO_8_M2F
p:GPIO_9_M2F
p:MMUART_0_RXD_F2M
p:MMUART_0_TXD_M2F
p:SPISCLKO
p:SPISCLKO_0
p:SPISDI
p:SPISDI_0
p:SPISDO
p:SPISDO_0
p:SPISS
p:SPISS_0
p:SPI_0_CLK (bidir end point)
p:SPI_0_CLK (bidir start point)
p:SPI_0_DI
p:SPI_0_DO
p:SPI_0_SS0 (bidir end point)
p:SPI_0_SS0 (bidir start point)


Inapplicable constraints
************************

(none)


Applicable constraints with issues
**********************************

(none)


Constraints with matching wildcard expressions
**********************************************

(none)


Library Report
**************


# End of Constraint Checker Report
