
Starting:    C:\Microsemi\Libero_SoC_v12.1\SynplifyPro\bin64\mbin\synbatch.exe
Install:     C:\Microsemi\Libero_SoC_v12.1\SynplifyPro
Hostname:    DESKTOP-7FLV13P
Date:        Sat Mar 28 17:52:45 2020
Version:     N-2018.03M-SP1-1

Arguments:   -product synplify_pro -licensetype synplifypro_actel -batch -log synplify.log cdh_tsat5_system_sb_syn.tcl
ProductType: synplify_pro

License checkout: synplifypro_actel
License: synplifypro_actel node-locked 
Licensed Vendor: actel
License Option: actel_oem

Running in Vendor Mode

auto_infer_blackbox is not supported in current product.
log file: "C:\Users\Joseph Howarth\Documents\MBSat\libero_update\ManitobaSat-Flight-Software\mbsat-fsw-libero\synthesis\cdh_tsat5_system_sb.srr"
Running: synthesis in foreground

Running cdh_tsat5_system_sb_syn|synthesis

Running Flow: compile (Compile) on cdh_tsat5_system_sb_syn|synthesis
# Sat Mar 28 17:52:46 2020

Running Flow: compile_flow (Compile Process) on cdh_tsat5_system_sb_syn|synthesis
# Sat Mar 28 17:52:46 2020

Running: compiler (Compile Input) on cdh_tsat5_system_sb_syn|synthesis
# Sat Mar 28 17:52:46 2020

compiler completed
# Sat Mar 28 17:52:46 2020

Return Code: 0
Run Time:00h:00m:00s

Running: multi_srs_gen (Multi-srs Generator) on cdh_tsat5_system_sb_syn|synthesis
# Sat Mar 28 17:52:46 2020
Up-To-Date: multi_srs_gen. No run necessary
Complete: Compile Process on cdh_tsat5_system_sb_syn|synthesis

Running: premap (Premap) on cdh_tsat5_system_sb_syn|synthesis
# Sat Mar 28 17:52:47 2020

premap completed with warnings
# Sat Mar 28 17:52:48 2020

Return Code: 1
Run Time:00h:00m:01s
Complete: Compile on cdh_tsat5_system_sb_syn|synthesis

Running Flow: map (Map) on cdh_tsat5_system_sb_syn|synthesis
# Sat Mar 28 17:52:48 2020
License granted for 4 parallel jobs

Running: fpga_mapper (Map & Optimize) on cdh_tsat5_system_sb_syn|synthesis
# Sat Mar 28 17:52:48 2020
Copied C:\Users\Joseph Howarth\Documents\MBSat\libero_update\ManitobaSat-Flight-Software\mbsat-fsw-libero\synthesis\synwork\cdh_tsat5_system_sb_m.srm to C:\Users\Joseph Howarth\Documents\MBSat\libero_update\ManitobaSat-Flight-Software\mbsat-fsw-libero\synthesis\cdh_tsat5_system_sb.srm

fpga_mapper completed with warnings
# Sat Mar 28 17:52:52 2020

Return Code: 1
Run Time:00h:00m:04s
Complete: Map on cdh_tsat5_system_sb_syn|synthesis
Complete: Logic Synthesis on cdh_tsat5_system_sb_syn|synthesis
TCL script complete: "cdh_tsat5_system_sb_syn.tcl"
exit status=0
exit status=0
License checkin: synplifypro_actel
