Resource Report
Microsemi Corporation - Microsemi Libero Software Release v12.1 (Version 12.600.0.14)
Date: Tue May  5 17:52:26 2020

Device Selection
+--------------------------------+----------------+
| Family                         | SmartFusion2   |
| Device                         | M2S010         |
| Package                        | 144 TQ         |
| Speed Grade                    | STD            |
| Temp                           | 0:25:85        |
| Voltage                        | 1.26:1.20:1.14 |
| Core Voltage                   | 1.2V           |
| Ramp Rate                      | 100ms Minimum  |
| System Controller Suspend Mode | No             |
| PLL Supply Voltage             | 2.5V           |
| Default I/O technology         | LVCMOS 3.3V    |
| Restrict Probe Pins            | Yes            |
| Restrict SPI Pins              | No             |
+--------------------------------+----------------+

Source Files
+---------+-----------------------------------------------------------------------------------------------+
| Topcell | MSS_C0                                                                                        |
| Format  | Verilog                                                                                       |
| Source  | C:\Users\Files\MBSAT\working\IrisSat-Flight-Software\iris-fsw-libero\synthesis\MSS_C0.vm |
+---------+-----------------------------------------------------------------------------------------------+

Options
+----------------------------------------------------+-------+
| Enable Single Event Transient mitigation           | false |
| Enable Design Separation Methodology               | false |
| Limit the number of high fanout nets to display to | 10    |
+----------------------------------------------------+-------+

Resource Usage
+---------------------------+------+-------+------------+
| Type                      | Used | Total | Percentage |
+---------------------------+------+-------+------------+
| 4LUT                      | 873  | 12084 | 7.22       |
| DFF                       | 559  | 12084 | 4.63       |
| I/O Register              | 0    | 252   | 0.00       |
| User I/O                  | 24   | 84    | 28.57      |
| -- Single-ended I/O       | 24   | 84    | 28.57      |
| -- Differential I/O Pairs | 0    | 37    | 0.00       |
| RAM64x18                  | 4    | 22    | 18.18      |
| RAM1K18                   | 0    | 21    | 0.00       |
| MACC                      | 0    | 22    | 0.00       |
| Chip Globals              | 2    | 8     | 25.00      |
| CCC                       | 1    | 2     | 50.00      |
| RCOSC_25_50MHZ            | 1    | 1     | 100.00     |
| RCOSC_1MHZ                | 0    | 1     | 0.00       |
| XTLOSC                    | 0    | 1     | 0.00       |
| MSS                       | 1    | 1     | 100.00     |
+---------------------------+------+-------+------------+

Detailed Logic Resource Usage
+--------------------------+------+-----+
| Type                     | 4LUT | DFF |
+--------------------------+------+-----+
| Fabric Logic             | 729  | 415 |
| RAM64x18 Interface Logic | 144  | 144 |
| RAM1K18 Interface Logic  | 0    | 0   |
| MACC Interface Logic     | 0    | 0   |
| Total Used               | 873  | 559 |
+--------------------------+------+-----+

MSS Resource Usage
+---------------+------+-------+
| Type          | Used | Total |
+---------------+------+-------+
| Cortex-M3*    | 1    | 1     |
| eNVM (256KB)* | 1    | 1     |
| eSRAM*        | 2    | 2     |
| TIMER*        | 2    | 2     |
| CAN           | 1    | 1     |
| SPI           | 1    | 2     |
| I2C           | 0    | 2     |
| UART          | 1    | 2     |
| USB           | 0    | 1     |
| MAC           | 0    | 1     |
| MDDR          | 0    | 1     |
| HPDMA         | 1    | 1     |
| PDMA          | 1    | 1     |
+---------------+------+-------+

* These resources are always marked as used when you are using the MSS

Detailed Carry Chains Resource Usage
+--------+------+
| Length | Used |
| 2      | 7    |
| 5      | 2    |
| 6      | 4    |
| 9      | 2    |
| Total  | 15   |
+--------+------+

I/O Function
+-------------------------------+--------------+-------------+-----------------+
| Type                          | w/o register | w/ register | w/ DDR register |
+-------------------------------+--------------+-------------+-----------------+
| Input I/O                     | 5            | 0           | 0               |
| Output I/O                    | 17           | 0           | 0               |
| Bidirectional I/O             | 2            | 0           | 0               |
| Differential Input I/O Pairs  | 0            | 0           | 0               |
| Differential Output I/O Pairs | 0            | 0           | 0               |
+-------------------------------+--------------+-------------+-----------------+

I/O Technology
+--------------+--------+------+-------+--------+---------------+
| I/O Standard | Vddi   | Vref | Input | Output | Bidirectional |
+--------------+--------+------+-------+--------+---------------+
| LVCMOS33     |  3.30v |  N/A |  5    |  17    |  2            |
+--------------+--------+------+-------+--------+---------------+

I/O Placement
+----------+-------+------------+
| Type     | Count | Percentage |
+----------+-------+------------+
| Locked   |  4    | 16.67%     |
| Placed   |  0    | 0.00%      |
| UnPlaced |  20   | 83.33%     |
+----------+-------+------------+

Nets assigned to chip global resources
+--------+---------+---------------------------------------------------------------------------+
| Fanout | Type    | Name                                                                      |
+--------+---------+---------------------------------------------------------------------------+
| 420    | INT_NET | Net   : FCCC_C0_0_GL0                                                     |
|        |         | Driver: FCCC_C0_0/FCCC_C0_0/GL0_INST/U0_RGB1                              |
|        |         | Source: NETLIST                                                           |
| 400    | INT_NET | Net   : CoreResetP_C0_0_MSS_HPMS_READY                                    |
|        |         | Driver: CoreResetP_C0_0/CoreResetP_C0_0/MSS_HPMS_READY_int_RNIUQL/U0_RGB1 |
|        |         | Source: NETLIST                                                           |
+--------+---------+---------------------------------------------------------------------------+

Nets assigned to row global resources
+--------+------+------+
| Fanout | Type | Name |
+--------+------+------+
+--------+------+------+

High fanout nets
+--------+---------+-------------------------------------------------------------+
| Fanout | Type    | Name                                                        |
+--------+---------+-------------------------------------------------------------+
| 65     | INT_NET | Net   : CoreAPB3_C0_0_APBmslave0_PADDR[4]                   |
|        |         | Driver: MSS_C0_MSS_0/MSS_ADLIB_INST                         |
| 35     | INT_NET | Net   : CoreAPB3_C0_0_APBmslave0_PADDR[5]                   |
|        |         | Driver: MSS_C0_MSS_0/MSS_ADLIB_INST                         |
| 35     | INT_NET | Net   : CoreAPB3_C0_0_APBmslave0_PADDR[3]                   |
|        |         | Driver: MSS_C0_MSS_0/MSS_ADLIB_INST                         |
| 35     | INT_NET | Net   : CoreAPB3_C0_0_APBmslave0_PADDR[2]                   |
|        |         | Driver: MSS_C0_MSS_0/MSS_ADLIB_INST                         |
| 31     | INT_NET | Net   : CoreAPB3_C0_0_APBmslave0_PADDR[6]                   |
|        |         | Driver: MSS_C0_MSS_0/MSS_ADLIB_INST                         |
| 27     | INT_NET | Net   : CoreAPB3_C0_0_APBmslave1_PSELx                      |
|        |         | Driver: MSS_C0_MSS_0/MSS_ADLIB_INST_RNIR7C32                |
| 19     | INT_NET | Net   : CORESPI_C0_0/CORESPI_C0_0/USPI/UCC/clock_rx_fe_Z    |
|        |         | Driver: CORESPI_C0_0/CORESPI_C0_0/USPI/UCC/clock_rx_fe      |
| 19     | INT_NET | Net   : CORESPI_C0_0/CORESPI_C0_0/USPI/UCC/un1_cfg_enable_i |
|        |         | Driver: CORESPI_C0_0/CORESPI_C0_0/USPI/UCC/un1_cfg_enable   |
| 19     | INT_NET | Net   : CORESPI_C1_0/CORESPI_C1_0/USPI/UCC/un1_cfg_enable_i |
|        |         | Driver: CORESPI_C1_0/CORESPI_C1_0/USPI/UCC/un1_cfg_enable   |
| 18     | INT_NET | Net   : CORESPI_C0_0/CORESPI_C0_0/USPI/UCC/spi_clk_tick_Z   |
|        |         | Driver: CORESPI_C0_0/CORESPI_C0_0/USPI/UCC/spi_clk_tick     |
+--------+---------+-------------------------------------------------------------+

High fanout nets (through buffer trees)
+--------+---------+-------------------------------------------------------------+
| Fanout | Type    | Name                                                        |
+--------+---------+-------------------------------------------------------------+
| 65     | INT_NET | Net   : CoreAPB3_C0_0_APBmslave0_PADDR[4]                   |
|        |         | Driver: MSS_C0_MSS_0/MSS_ADLIB_INST                         |
| 35     | INT_NET | Net   : CoreAPB3_C0_0_APBmslave0_PADDR[5]                   |
|        |         | Driver: MSS_C0_MSS_0/MSS_ADLIB_INST                         |
| 35     | INT_NET | Net   : CoreAPB3_C0_0_APBmslave0_PADDR[3]                   |
|        |         | Driver: MSS_C0_MSS_0/MSS_ADLIB_INST                         |
| 35     | INT_NET | Net   : CoreAPB3_C0_0_APBmslave0_PADDR[2]                   |
|        |         | Driver: MSS_C0_MSS_0/MSS_ADLIB_INST                         |
| 31     | INT_NET | Net   : CoreAPB3_C0_0_APBmslave0_PADDR[6]                   |
|        |         | Driver: MSS_C0_MSS_0/MSS_ADLIB_INST                         |
| 27     | INT_NET | Net   : CoreAPB3_C0_0_APBmslave1_PSELx                      |
|        |         | Driver: MSS_C0_MSS_0/MSS_ADLIB_INST_RNIR7C32                |
| 19     | INT_NET | Net   : CORESPI_C0_0/CORESPI_C0_0/USPI/UCC/clock_rx_fe_Z    |
|        |         | Driver: CORESPI_C0_0/CORESPI_C0_0/USPI/UCC/clock_rx_fe      |
| 19     | INT_NET | Net   : CORESPI_C0_0/CORESPI_C0_0/USPI/UCC/un1_cfg_enable_i |
|        |         | Driver: CORESPI_C0_0/CORESPI_C0_0/USPI/UCC/un1_cfg_enable   |
| 19     | INT_NET | Net   : CORESPI_C1_0/CORESPI_C1_0/USPI/UCC/un1_cfg_enable_i |
|        |         | Driver: CORESPI_C1_0/CORESPI_C1_0/USPI/UCC/un1_cfg_enable   |
| 18     | INT_NET | Net   : CORESPI_C0_0/CORESPI_C0_0/USPI/UCC/spi_clk_tick_Z   |
|        |         | Driver: CORESPI_C0_0/CORESPI_C0_0/USPI/UCC/spi_clk_tick     |
+--------+---------+-------------------------------------------------------------+

