Software Version: 12.600.0.14
Embedded FlashPro5 programmer detected.
programmer 'E2001Q8WDF' : FlashPro5
Opened 'C:\Users\Joseph Howarth\Documents\MBSat\ManitobaSat-Flight-Software\mbsat-fsw-libero\designer\cdh_tsat5_system\cdh_tsat5_system_fp\cdh_tsat5_system.pro'
The 'open_project' command succeeded.
Warning: Programming is already enabled for device 'M2S010'.
The 'enable_device' command succeeded.
PPD file 'C:/Users/Joseph Howarth/Documents/MBSat/ManitobaSat-Flight-Software/mbsat-fsw-libero/designer/cdh_tsat5_system/cdh_tsat5_system.ppd' has been loaded successfully.
DESIGN : cdh_tsat5_system;  CHECKSUM : F589;  PDB_VERSION : 1.0
The 'set_programming_file' command succeeded.
The 'set_programming_action' command succeeded.
programmer 'E2001Q8WDF' : Scan Chain...
programmer 'E2001Q8WDF' : Check Chain...
programmer 'E2001Q8WDF' : Scan and Check Chain PASSED.
programmer 'E2001Q8WDF' : device 'M2S010' : Executing action PROGRAM
programmer 'E2001Q8WDF' : device 'M2S010' : Family: Igloo2
programmer 'E2001Q8WDF' : device 'M2S010' : Product:      M2GL005
programmer 'E2001Q8WDF' : device 'M2S010' : EXPORT ISC_ENABLE_RESULT[32] = 007a6744
programmer 'E2001Q8WDF' : device 'M2S010' : EXPORT CRCERR[1] = 0
programmer 'E2001Q8WDF' : device 'M2S010' : EXPORT EDCERR[1] = 0
programmer 'E2001Q8WDF' : device 'M2S010' : Programming FPGA Array...
programmer 'E2001Q8WDF' : device 'M2S010' : EXPORT Fabric component digest[256] = 179a55430bccbe80759c5fd6dcffde3bedea3e58a2c2b42d3733d0d2630e8822
programmer 'E2001Q8WDF' : device 'M2S010' : ===================================================================================
programmer 'E2001Q8WDF' : device 'M2S010' : EXPORT DSN[128] = f7528c520df22d1b748b9246f23b1c15
programmer 'E2001Q8WDF' : device 'M2S010' : ===================================================================================
programmer 'E2001Q8WDF' : device 'M2S010' : Finished: Wed Mar 04 16:03:57 2020 (Elapsed time 00:00:23)
programmer 'E2001Q8WDF' : device 'M2S010' : Executing action PROGRAM PASSED.
programmer 'E2001Q8WDF' : Chain programming PASSED.
Chain Programming Finished: Wed Mar 04 16:03:57 2020 (Elapsed time 00:00:23)

                        o - o - o - o - o - o

The 'run_selected_actions' command succeeded.
The 'set_programming_file' command succeeded.
Project saved.
The 'save_project' command succeeded.
Project closed.
Exported log file C:\Users\Joseph Howarth\Documents\MBSat\ManitobaSat-Flight-Software\mbsat-fsw-libero\designer\cdh_tsat5_system\cdh_tsat5_system_fp\cdh_tsat5_system.log.
The 'close_project' command succeeded.
The Execute Script command succeeded.
