
Copyright (C) 1994-2018 Synopsys, Inc.
This Synopsys software and all associated documentation are proprietary to Synopsys, Inc.
and may only be used pursuant to the terms and conditions of a written license agreement
with Synopsys, Inc. All other use, reproduction, modification, or distribution of the
Synopsys software or the associated documentation is strictly prohibited.
Tool: Synplify Pro (R)
Build: N-2018.03M-SP1-1
Install: C:\Microsemi\Libero_SoC_v12.1\SynplifyPro
OS: Windows 6.2

Hostname: DESKTOP-3FOEPN2

Implementation : synthesis
Synopsys HDL compiler and linker, Version comp2018q2p1, Build 223R, Built Oct 23 2018 09:18:38

Modified Files: 4
FID:  path (prevtimestamp, timestamp)
45       C:\Users\Files\MBSAT\Test4\ManitobaSat-Flight-Software\mbsat-fsw-libero\component\work\CORESPI1_1\CORESPI1_1.v (N/A, 2020-03-30 00:04:24)
40       C:\Users\Files\MBSAT\Test4\ManitobaSat-Flight-Software\mbsat-fsw-libero\component\work\cdh_tsat5_system_sb\CCC_0\cdh_tsat5_system_sb_CCC_0_FCCC.v (2020-03-30 00:00:44, 2020-03-30 00:06:50)
41       C:\Users\Files\MBSAT\Test4\ManitobaSat-Flight-Software\mbsat-fsw-libero\component\work\cdh_tsat5_system_sb\FABOSC_0\cdh_tsat5_system_sb_FABOSC_0_OSC.v (2020-03-30 00:00:45, 2020-03-30 00:06:52)
42       C:\Users\Files\MBSAT\Test4\ManitobaSat-Flight-Software\mbsat-fsw-libero\component\work\cdh_tsat5_system_sb\cdh_tsat5_system_sb.v (2020-03-30 00:00:45, 2020-03-30 00:06:52)

*******************************************************************
Modules that may have changed as a result of file changes: 24
MID:  lib.cell.view
0        COREAPB3_LIB.CAPB3II.verilog may have changed because the following files changed:
                        C:\Users\Files\MBSAT\Test4\ManitobaSat-Flight-Software\mbsat-fsw-libero\component\work\cdh_tsat5_system_sb\cdh_tsat5_system_sb.v (2020-03-30 00:00:45, 2020-03-30 00:06:52) <-- (may instantiate this module)
1        COREAPB3_LIB.CAPB3O.verilog may have changed because the following files changed:
                        C:\Users\Files\MBSAT\Test4\ManitobaSat-Flight-Software\mbsat-fsw-libero\component\work\cdh_tsat5_system_sb\cdh_tsat5_system_sb.v (2020-03-30 00:00:45, 2020-03-30 00:06:52) <-- (may instantiate this module)
2        COREAPB3_LIB.CoreAPB3.verilog may have changed because the following files changed:
                        C:\Users\Files\MBSAT\Test4\ManitobaSat-Flight-Software\mbsat-fsw-libero\component\work\cdh_tsat5_system_sb\cdh_tsat5_system_sb.v (2020-03-30 00:00:45, 2020-03-30 00:06:52) <-- (may instantiate this module)
20       CORESPI_LIB.CORESPI.verilog may have changed because the following files changed:
                        C:\Users\Files\MBSAT\Test4\ManitobaSat-Flight-Software\mbsat-fsw-libero\component\work\CORESPI1_1\CORESPI1_1.v (N/A, 2020-03-30 00:04:24) <-- (may instantiate this module)
                        C:\Users\Files\MBSAT\Test4\ManitobaSat-Flight-Software\mbsat-fsw-libero\component\work\cdh_tsat5_system_sb\cdh_tsat5_system_sb.v (2020-03-30 00:00:45, 2020-03-30 00:06:52) <-- (may instantiate this module)
21       CORESPI_LIB.spi.verilog may have changed because the following files changed:
                        C:\Users\Files\MBSAT\Test4\ManitobaSat-Flight-Software\mbsat-fsw-libero\component\work\CORESPI1_1\CORESPI1_1.v (N/A, 2020-03-30 00:04:24) <-- (may instantiate this module)
                        C:\Users\Files\MBSAT\Test4\ManitobaSat-Flight-Software\mbsat-fsw-libero\component\work\cdh_tsat5_system_sb\cdh_tsat5_system_sb.v (2020-03-30 00:00:45, 2020-03-30 00:06:52) <-- (may instantiate this module)
22       CORESPI_LIB.spi_chanctrl.verilog may have changed because the following files changed:
                        C:\Users\Files\MBSAT\Test4\ManitobaSat-Flight-Software\mbsat-fsw-libero\component\work\CORESPI1_1\CORESPI1_1.v (N/A, 2020-03-30 00:04:24) <-- (may instantiate this module)
                        C:\Users\Files\MBSAT\Test4\ManitobaSat-Flight-Software\mbsat-fsw-libero\component\work\cdh_tsat5_system_sb\cdh_tsat5_system_sb.v (2020-03-30 00:00:45, 2020-03-30 00:06:52) <-- (may instantiate this module)
23       CORESPI_LIB.spi_clockmux.verilog may have changed because the following files changed:
                        C:\Users\Files\MBSAT\Test4\ManitobaSat-Flight-Software\mbsat-fsw-libero\component\work\CORESPI1_1\CORESPI1_1.v (N/A, 2020-03-30 00:04:24) <-- (may instantiate this module)
                        C:\Users\Files\MBSAT\Test4\ManitobaSat-Flight-Software\mbsat-fsw-libero\component\work\cdh_tsat5_system_sb\cdh_tsat5_system_sb.v (2020-03-30 00:00:45, 2020-03-30 00:06:52) <-- (may instantiate this module)
24       CORESPI_LIB.spi_control.verilog may have changed because the following files changed:
                        C:\Users\Files\MBSAT\Test4\ManitobaSat-Flight-Software\mbsat-fsw-libero\component\work\CORESPI1_1\CORESPI1_1.v (N/A, 2020-03-30 00:04:24) <-- (may instantiate this module)
                        C:\Users\Files\MBSAT\Test4\ManitobaSat-Flight-Software\mbsat-fsw-libero\component\work\cdh_tsat5_system_sb\cdh_tsat5_system_sb.v (2020-03-30 00:00:45, 2020-03-30 00:06:52) <-- (may instantiate this module)
25       CORESPI_LIB.spi_fifo.verilog may have changed because the following files changed:
                        C:\Users\Files\MBSAT\Test4\ManitobaSat-Flight-Software\mbsat-fsw-libero\component\work\CORESPI1_1\CORESPI1_1.v (N/A, 2020-03-30 00:04:24) <-- (may instantiate this module)
                        C:\Users\Files\MBSAT\Test4\ManitobaSat-Flight-Software\mbsat-fsw-libero\component\work\cdh_tsat5_system_sb\cdh_tsat5_system_sb.v (2020-03-30 00:00:45, 2020-03-30 00:06:52) <-- (may instantiate this module)
26       CORESPI_LIB.spi_rf.verilog may have changed because the following files changed:
                        C:\Users\Files\MBSAT\Test4\ManitobaSat-Flight-Software\mbsat-fsw-libero\component\work\CORESPI1_1\CORESPI1_1.v (N/A, 2020-03-30 00:04:24) <-- (may instantiate this module)
                        C:\Users\Files\MBSAT\Test4\ManitobaSat-Flight-Software\mbsat-fsw-libero\component\work\cdh_tsat5_system_sb\cdh_tsat5_system_sb.v (2020-03-30 00:00:45, 2020-03-30 00:06:52) <-- (may instantiate this module)
27       work.CORESPI1_1.verilog may have changed because the following files changed:
                        C:\Users\Files\MBSAT\Test4\ManitobaSat-Flight-Software\mbsat-fsw-libero\component\work\CORESPI1_1\CORESPI1_1.v (N/A, 2020-03-30 00:04:24) <-- (module definition)
                        C:\Users\Files\MBSAT\Test4\ManitobaSat-Flight-Software\mbsat-fsw-libero\component\work\cdh_tsat5_system_sb\cdh_tsat5_system_sb.v (2020-03-30 00:00:45, 2020-03-30 00:06:52) <-- (may instantiate this module)
5        work.CoreResetP.verilog may have changed because the following files changed:
                        C:\Users\Files\MBSAT\Test4\ManitobaSat-Flight-Software\mbsat-fsw-libero\component\work\cdh_tsat5_system_sb\cdh_tsat5_system_sb.v (2020-03-30 00:00:45, 2020-03-30 00:06:52) <-- (may instantiate this module)
6        work.MSS_010.verilog may have changed because the following files changed:
                        C:\Users\Files\MBSAT\Test4\ManitobaSat-Flight-Software\mbsat-fsw-libero\component\work\cdh_tsat5_system_sb\cdh_tsat5_system_sb.v (2020-03-30 00:00:45, 2020-03-30 00:06:52) <-- (may instantiate this module)
7        work.RCOSC_1MHZ.verilog may have changed because the following files changed:
                        C:\Users\Files\MBSAT\Test4\ManitobaSat-Flight-Software\mbsat-fsw-libero\component\work\cdh_tsat5_system_sb\FABOSC_0\cdh_tsat5_system_sb_FABOSC_0_OSC.v (2020-03-30 00:00:45, 2020-03-30 00:06:52) <-- (may instantiate this module)
                        C:\Users\Files\MBSAT\Test4\ManitobaSat-Flight-Software\mbsat-fsw-libero\component\work\cdh_tsat5_system_sb\cdh_tsat5_system_sb.v (2020-03-30 00:00:45, 2020-03-30 00:06:52) <-- (may instantiate this module)
8        work.RCOSC_1MHZ_FAB.verilog may have changed because the following files changed:
                        C:\Users\Files\MBSAT\Test4\ManitobaSat-Flight-Software\mbsat-fsw-libero\component\work\cdh_tsat5_system_sb\FABOSC_0\cdh_tsat5_system_sb_FABOSC_0_OSC.v (2020-03-30 00:00:45, 2020-03-30 00:06:52) <-- (may instantiate this module)
                        C:\Users\Files\MBSAT\Test4\ManitobaSat-Flight-Software\mbsat-fsw-libero\component\work\cdh_tsat5_system_sb\cdh_tsat5_system_sb.v (2020-03-30 00:00:45, 2020-03-30 00:06:52) <-- (may instantiate this module)
9        work.RCOSC_25_50MHZ.verilog may have changed because the following files changed:
                        C:\Users\Files\MBSAT\Test4\ManitobaSat-Flight-Software\mbsat-fsw-libero\component\work\cdh_tsat5_system_sb\FABOSC_0\cdh_tsat5_system_sb_FABOSC_0_OSC.v (2020-03-30 00:00:45, 2020-03-30 00:06:52) <-- (may instantiate this module)
                        C:\Users\Files\MBSAT\Test4\ManitobaSat-Flight-Software\mbsat-fsw-libero\component\work\cdh_tsat5_system_sb\cdh_tsat5_system_sb.v (2020-03-30 00:00:45, 2020-03-30 00:06:52) <-- (may instantiate this module)
10       work.RCOSC_25_50MHZ_FAB.verilog may have changed because the following files changed:
                        C:\Users\Files\MBSAT\Test4\ManitobaSat-Flight-Software\mbsat-fsw-libero\component\work\cdh_tsat5_system_sb\FABOSC_0\cdh_tsat5_system_sb_FABOSC_0_OSC.v (2020-03-30 00:00:45, 2020-03-30 00:06:52) <-- (may instantiate this module)
                        C:\Users\Files\MBSAT\Test4\ManitobaSat-Flight-Software\mbsat-fsw-libero\component\work\cdh_tsat5_system_sb\cdh_tsat5_system_sb.v (2020-03-30 00:00:45, 2020-03-30 00:06:52) <-- (may instantiate this module)
11       work.XTLOSC.verilog may have changed because the following files changed:
                        C:\Users\Files\MBSAT\Test4\ManitobaSat-Flight-Software\mbsat-fsw-libero\component\work\cdh_tsat5_system_sb\FABOSC_0\cdh_tsat5_system_sb_FABOSC_0_OSC.v (2020-03-30 00:00:45, 2020-03-30 00:06:52) <-- (may instantiate this module)
                        C:\Users\Files\MBSAT\Test4\ManitobaSat-Flight-Software\mbsat-fsw-libero\component\work\cdh_tsat5_system_sb\cdh_tsat5_system_sb.v (2020-03-30 00:00:45, 2020-03-30 00:06:52) <-- (may instantiate this module)
12       work.XTLOSC_FAB.verilog may have changed because the following files changed:
                        C:\Users\Files\MBSAT\Test4\ManitobaSat-Flight-Software\mbsat-fsw-libero\component\work\cdh_tsat5_system_sb\FABOSC_0\cdh_tsat5_system_sb_FABOSC_0_OSC.v (2020-03-30 00:00:45, 2020-03-30 00:06:52) <-- (may instantiate this module)
                        C:\Users\Files\MBSAT\Test4\ManitobaSat-Flight-Software\mbsat-fsw-libero\component\work\cdh_tsat5_system_sb\cdh_tsat5_system_sb.v (2020-03-30 00:00:45, 2020-03-30 00:06:52) <-- (may instantiate this module)
13       work.cdh_tsat5_system_sb.verilog may have changed because the following files changed:
                        C:\Users\Files\MBSAT\Test4\ManitobaSat-Flight-Software\mbsat-fsw-libero\component\work\cdh_tsat5_system_sb\cdh_tsat5_system_sb.v (2020-03-30 00:00:45, 2020-03-30 00:06:52) <-- (module definition)
14       work.cdh_tsat5_system_sb_CCC_0_FCCC.verilog may have changed because the following files changed:
                        C:\Users\Files\MBSAT\Test4\ManitobaSat-Flight-Software\mbsat-fsw-libero\component\work\cdh_tsat5_system_sb\CCC_0\cdh_tsat5_system_sb_CCC_0_FCCC.v (2020-03-30 00:00:44, 2020-03-30 00:06:50) <-- (module definition)
                        C:\Users\Files\MBSAT\Test4\ManitobaSat-Flight-Software\mbsat-fsw-libero\component\work\cdh_tsat5_system_sb\cdh_tsat5_system_sb.v (2020-03-30 00:00:45, 2020-03-30 00:06:52) <-- (may instantiate this module)
15       work.cdh_tsat5_system_sb_FABOSC_0_OSC.verilog may have changed because the following files changed:
                        C:\Users\Files\MBSAT\Test4\ManitobaSat-Flight-Software\mbsat-fsw-libero\component\work\cdh_tsat5_system_sb\FABOSC_0\cdh_tsat5_system_sb_FABOSC_0_OSC.v (2020-03-30 00:00:45, 2020-03-30 00:06:52) <-- (module definition)
                        C:\Users\Files\MBSAT\Test4\ManitobaSat-Flight-Software\mbsat-fsw-libero\component\work\cdh_tsat5_system_sb\cdh_tsat5_system_sb.v (2020-03-30 00:00:45, 2020-03-30 00:06:52) <-- (may instantiate this module)
16       work.cdh_tsat5_system_sb_MSS.verilog may have changed because the following files changed:
                        C:\Users\Files\MBSAT\Test4\ManitobaSat-Flight-Software\mbsat-fsw-libero\component\work\cdh_tsat5_system_sb\cdh_tsat5_system_sb.v (2020-03-30 00:00:45, 2020-03-30 00:06:52) <-- (may instantiate this module)
17       work.coreresetp_pcie_hotreset.verilog may have changed because the following files changed:
                        C:\Users\Files\MBSAT\Test4\ManitobaSat-Flight-Software\mbsat-fsw-libero\component\work\cdh_tsat5_system_sb\cdh_tsat5_system_sb.v (2020-03-30 00:00:45, 2020-03-30 00:06:52) <-- (may instantiate this module)

*******************************************************************
Unmodified files: 20
FID:  path (timestamp)
0        C:\Microsemi\Libero_SoC_v12.1\SynplifyPro\lib\generic\smartfusion2.v (2018-12-21 00:52:13)
1        C:\Microsemi\Libero_SoC_v12.1\SynplifyPro\lib\vlog\hypermods.v (2018-12-21 00:52:16)
2        C:\Microsemi\Libero_SoC_v12.1\SynplifyPro\lib\vlog\scemi_objects.v (2018-12-21 00:52:16)
3        C:\Microsemi\Libero_SoC_v12.1\SynplifyPro\lib\vlog\scemi_pipes.svh (2018-12-21 00:52:16)
4        C:\Microsemi\Libero_SoC_v12.1\SynplifyPro\lib\vlog\umr_capim.v (2018-12-21 00:52:16)
27       C:\Users\Files\MBSAT\Test4\ManitobaSat-Flight-Software\mbsat-fsw-libero\component\Actel\DirectCore\CORESPI\5.2.104\rtl\vlog\core\corespi.v (2020-03-26 15:49:07)
28       C:\Users\Files\MBSAT\Test4\ManitobaSat-Flight-Software\mbsat-fsw-libero\component\Actel\DirectCore\CORESPI\5.2.104\rtl\vlog\core\spi.v (2020-03-26 15:49:07)
29       C:\Users\Files\MBSAT\Test4\ManitobaSat-Flight-Software\mbsat-fsw-libero\component\Actel\DirectCore\CORESPI\5.2.104\rtl\vlog\core\spi_chanctrl.v (2020-03-26 15:49:07)
30       C:\Users\Files\MBSAT\Test4\ManitobaSat-Flight-Software\mbsat-fsw-libero\component\Actel\DirectCore\CORESPI\5.2.104\rtl\vlog\core\spi_clockmux.v (2020-03-26 15:49:07)
31       C:\Users\Files\MBSAT\Test4\ManitobaSat-Flight-Software\mbsat-fsw-libero\component\Actel\DirectCore\CORESPI\5.2.104\rtl\vlog\core\spi_control.v (2020-03-26 15:49:07)
32       C:\Users\Files\MBSAT\Test4\ManitobaSat-Flight-Software\mbsat-fsw-libero\component\Actel\DirectCore\CORESPI\5.2.104\rtl\vlog\core\spi_fifo.v (2020-03-26 15:49:07)
33       C:\Users\Files\MBSAT\Test4\ManitobaSat-Flight-Software\mbsat-fsw-libero\component\Actel\DirectCore\CORESPI\5.2.104\rtl\vlog\core\spi_rf.v (2020-03-26 15:49:07)
34       C:\Users\Files\MBSAT\Test4\ManitobaSat-Flight-Software\mbsat-fsw-libero\component\Actel\DirectCore\CoreAPB3\4.1.100\rtl\vlog\core_obfuscated\coreapb3.v (2020-03-26 15:55:14)
35       C:\Users\Files\MBSAT\Test4\ManitobaSat-Flight-Software\mbsat-fsw-libero\component\Actel\DirectCore\CoreAPB3\4.1.100\rtl\vlog\core_obfuscated\coreapb3_iaddr_reg.v (2020-03-26 15:55:14)
36       C:\Users\Files\MBSAT\Test4\ManitobaSat-Flight-Software\mbsat-fsw-libero\component\Actel\DirectCore\CoreAPB3\4.1.100\rtl\vlog\core_obfuscated\coreapb3_muxptob3.v (2020-03-26 15:55:14)
37       C:\Users\Files\MBSAT\Test4\ManitobaSat-Flight-Software\mbsat-fsw-libero\component\Actel\DirectCore\CoreResetP\7.1.100\rtl\vlog\core\coreresetp.v (2020-03-20 22:11:01)
38       C:\Users\Files\MBSAT\Test4\ManitobaSat-Flight-Software\mbsat-fsw-libero\component\Actel\DirectCore\CoreResetP\7.1.100\rtl\vlog\core\coreresetp_pcie_hotreset.v (2020-03-20 22:11:01)
39       C:\Users\Files\MBSAT\Test4\ManitobaSat-Flight-Software\mbsat-fsw-libero\component\Actel\SgCore\OSC\2.0.101\osc_comps.v (2020-03-20 22:11:02)
43       C:\Users\Files\MBSAT\Test4\ManitobaSat-Flight-Software\mbsat-fsw-libero\component\work\cdh_tsat5_system_sb_MSS\cdh_tsat5_system_sb_MSS.v (2020-03-29 23:41:51)
44       C:\Users\Files\MBSAT\Test4\ManitobaSat-Flight-Software\mbsat-fsw-libero\component\work\cdh_tsat5_system_sb_MSS\cdh_tsat5_system_sb_MSS_syn.v (2020-03-29 23:41:15)

*******************************************************************
Unchanged modules: 0
MID:  lib.cell.view
