Software Version: 12.600.0.14
Embedded FlashPro5 programmer detected.
programmer 'E2001XFI0J' : FlashPro5
Opened 'C:\Users\Joseph Howarth\Documents\MBSat\cdh-tsat5\cdh-tsat5-libero\designer\cdh_tsat5_system\cdh_tsat5_system_fp\cdh_tsat5_system.pro'
The 'open_project' command succeeded.
Warning: Programming is already enabled for device 'M2S010'.
The 'enable_device' command succeeded.
PPD file 'C:/Users/Joseph Howarth/Documents/MBSat/cdh-tsat5/cdh-tsat5-libero/designer/cdh_tsat5_system/cdh_tsat5_system.ppd' has been loaded successfully.
DESIGN : cdh_tsat5_system;  CHECKSUM : 55C2;  PDB_VERSION : 1.0
The 'set_programming_file' command succeeded.
The 'set_programming_action' command succeeded.
programmer 'E2001XFI0J' : Scan Chain...
programmer 'E2001XFI0J' : Check Chain...
programmer 'E2001XFI0J' : Scan and Check Chain PASSED.
programmer 'E2001XFI0J' : device 'M2S010' : Executing action PROGRAM
programmer 'E2001XFI0J' : device 'M2S010' : Family: Igloo2
programmer 'E2001XFI0J' : device 'M2S010' : Product:      M2GL005
programmer 'E2001XFI0J' : device 'M2S010' : EXPORT ISC_ENABLE_RESULT[32] = 007c6844
programmer 'E2001XFI0J' : device 'M2S010' : EXPORT CRCERR[1] = 0
programmer 'E2001XFI0J' : device 'M2S010' : EXPORT EDCERR[1] = 0
programmer 'E2001XFI0J' : device 'M2S010' : Programming FPGA Array...
programmer 'E2001XFI0J' : device 'M2S010' : EXPORT Fabric component digest[256] = fc94bbe270ee7cdd108af3e04b32b93d5cd57fa87516972d45bd7f697aec4ea1
programmer 'E2001XFI0J' : device 'M2S010' : ===================================================================================
programmer 'E2001XFI0J' : device 'M2S010' : EXPORT DSN[128] = 26e00c2a5d9f0e1731e7ee8cb02bea10
programmer 'E2001XFI0J' : device 'M2S010' : ===================================================================================
programmer 'E2001XFI0J' : device 'M2S010' : Finished: Thu Sep 05 12:05:35 2019 (Elapsed time 00:00:23)
programmer 'E2001XFI0J' : device 'M2S010' : Executing action PROGRAM PASSED.
programmer 'E2001XFI0J' : Chain programming PASSED.
Chain Programming Finished: Thu Sep 05 12:05:35 2019 (Elapsed time 00:00:23)

                        o - o - o - o - o - o

The 'run_selected_actions' command succeeded.
The 'set_programming_file' command succeeded.
Project saved.
The 'save_project' command succeeded.
Project closed.
Exported log file C:\Users\Joseph Howarth\Documents\MBSat\cdh-tsat5\cdh-tsat5-libero\designer\cdh_tsat5_system\cdh_tsat5_system_fp\cdh_tsat5_system.log.
The 'close_project' command succeeded.
The Execute Script command succeeded.
