Software Version: 12.600.0.14
Embedded FlashPro5 programmer detected.
programmer 'E2001Q8WDF' : FlashPro5
Warning: The programmer with id 'E2001XFI0J' in the project file cannot be detected and connected.
Opened 'C:\Users\Files\MBSAT\working\ManitobaSat-Flight-Software\mbsat-fsw-libero\designer\MSS_C0\MSS_C0_fp\MSS_C0.pro'
The 'open_project' command succeeded.
Warning: Programming is already enabled for device 'M2S010'.
The 'enable_device' command succeeded.
PPD file 'C:/Users/Files/MBSAT/working/ManitobaSat-Flight-Software/mbsat-fsw-libero/designer/MSS_C0/MSS_C0.ppd' has been loaded successfully.
DESIGN : MSS_C0;  CHECKSUM : CA84;  PDB_VERSION : 1.0
The 'set_programming_file' command succeeded.
The 'set_programming_action' command succeeded.
programmer 'E2001Q8WDF' : Scan Chain...
programmer 'E2001Q8WDF' : Check Chain...
programmer 'E2001Q8WDF' : Scan and Check Chain PASSED.
programmer 'E2001Q8WDF' : device 'M2S010' : Executing action PROGRAM
programmer 'E2001Q8WDF' : device 'M2S010' : Family: Igloo2
programmer 'E2001Q8WDF' : device 'M2S010' : Product:      M2GL005
programmer 'E2001Q8WDF' : device 'M2S010' : EXPORT ISC_ENABLE_RESULT[32] = 007a6744
programmer 'E2001Q8WDF' : device 'M2S010' : EXPORT CRCERR[1] = 0
programmer 'E2001Q8WDF' : device 'M2S010' : EXPORT EDCERR[1] = 0
programmer 'E2001Q8WDF' : device 'M2S010' : Programming FPGA Array...
programmer 'E2001Q8WDF' : device 'M2S010' : EXPORT Fabric component digest[256] = 545e463a6b6d7feec83aa00e359a2c37a2c606a767bedd30395e4594658b5292
programmer 'E2001Q8WDF' : device 'M2S010' : ===================================================================================
programmer 'E2001Q8WDF' : device 'M2S010' : EXPORT DSN[128] = f7528c520df22d1b748b9246f23b1c15
programmer 'E2001Q8WDF' : device 'M2S010' : ===================================================================================
programmer 'E2001Q8WDF' : device 'M2S010' : Finished: Mon May 04 21:55:01 2020 (Elapsed time 00:00:24)
programmer 'E2001Q8WDF' : device 'M2S010' : Executing action PROGRAM PASSED.
programmer 'E2001Q8WDF' : Chain programming PASSED.
Chain Programming Finished: Mon May 04 21:55:01 2020 (Elapsed time 00:00:24)

                        o - o - o - o - o - o

The 'run_selected_actions' command succeeded.
The 'set_programming_file' command succeeded.
Project saved.
The 'save_project' command succeeded.
Project closed.
Exported log file C:\Users\Files\MBSAT\working\ManitobaSat-Flight-Software\mbsat-fsw-libero\designer\MSS_C0\MSS_C0_fp\MSS_C0.log.
The 'close_project' command succeeded.
The Execute Script command succeeded.
